<?xml version="1.0" encoding="UTF-8"?>
<!-- Generated by org.testng.reporters.JUnitReportReporter -->
<testsuite hostname="Avenger" failures="0" tests="2" name="TechPanda.CartPage" time="38.055" errors="0" timestamp="2023-05-09T17:37:11 GMT-05:00" skipped="0">
  <testcase classname="TechPanda.CartPage" name="checkquantity" time="18.617"/>
  <system-out/>
  <testcase classname="TechPanda.CartPage" name="checkquantity" time="19.438"/>
  <system-out/>
</testsuite> <!-- TechPanda.CartPage -->
