<?xml version="1.0" encoding="UTF-8"?>
<!-- Generated by org.testng.reporters.JUnitReportReporter -->
<testsuite hostname="Avenger" failures="0" tests="3" name="TechPanda.MobilePage" time="39.633" errors="0" timestamp="2023-05-09T17:37:11 GMT-05:00" skipped="0">
  <testcase classname="TechPanda.MobilePage" name="verifyPrice" time="10.013"/>
  <system-out/>
  <testcase classname="TechPanda.MobilePage" name="checkSorted" time="15.784"/>
  <system-out/>
  <testcase classname="TechPanda.MobilePage" name="checkCompare" time="13.836"/>
  <system-out/>
</testsuite> <!-- TechPanda.MobilePage -->
