<?xml version="1.0" encoding="UTF-8"?>
<!-- Generated by org.testng.reporters.JUnitReportReporter -->
<testsuite hostname="Avenger" failures="0" tests="3" name="TechPanda.AccountPage" time="48.228" errors="0" timestamp="2023-05-09T17:37:11 GMT-05:00" skipped="0">
  <testcase classname="TechPanda.AccountPage" name="createAccount" time="19.071"/>
  <system-out/>
  <testcase classname="TechPanda.AccountPage" name="loginAccount" time="20.842"/>
  <system-out/>
  <testcase classname="TechPanda.AccountPage" name="verifyOrderPlaced" time="8.315"/>
  <system-out/>
</testsuite> <!-- TechPanda.AccountPage -->
