<?xml version="1.0" encoding="UTF-8"?>
<!-- Generated by org.testng.reporters.JUnitReportReporter -->
<testsuite hostname="Avenger" failures="0" tests="1" name="TechPanda.BackendPage" time="23.202" errors="0" timestamp="2023-05-09T17:37:11 GMT-05:00" skipped="0">
  <testcase classname="TechPanda.BackendPage" name="backendData" time="23.202"/>
  <system-out/>
</testsuite> <!-- TechPanda.BackendPage -->
